<?xml version="1.0" encoding="UTF-8"?>
<!-- Generated by org.testng.reporters.JUnitReportReporter -->
<testsuite hostname="DESKTOP-N1N67J6" failures="0" tests="1" name="test_cases.login_tests" time="2.479" errors="0" timestamp="2024-05-02T01:11:25 PKT" skipped="0">
  <testcase classname="test_cases.login_tests" name="Login" time="2.479"/>
</testsuite> <!-- test_cases.login_tests -->
